Export Properties:
  Scale: 1
  Floating point precision: 0.0001
Exporting multiple bricks.

Exporting group 'basementLot'.
Processing definition objects.
  Defined brick size: 32 wide 32 deep and 9 bricks tall
  Processed 5 of 5 brick grid definitions.
  Processed 8 of 8 collision definitions.
Processing meshes.
  Exporting object: Cube.007
    [WARNING:IOBLBW009] Face has UV coordinates but no brick texture was set in the material name, using SIDE by default.
    [WARNING:IOBLBW009] Face has UV coordinates but no brick texture was set in the material name, using SIDE by default.
    [WARNING:IOBLBW009] Face has UV coordinates but no brick texture was set in the material name, using SIDE by default.
    [WARNING:IOBLBW009] Face has UV coordinates but no brick texture was set in the material name, using SIDE by default.
    [WARNING:IOBLBW009] Face has UV coordinates but no brick texture was set in the material name, using SIDE by default.
    [WARNING:IOBLBW009] Face has UV coordinates but no brick texture was set in the material name, using SIDE by default.
    [WARNING:IOBLBW009] Face has UV coordinates but no brick texture was set in the material name, using SIDE by default.
    [WARNING:IOBLBW009] Face has UV coordinates but no brick texture was set in the material name, using SIDE by default.
    [WARNING:IOBLBW009] Face has UV coordinates but no brick texture was set in the material name, using SIDE by default.
    [WARNING:IOBLBW009] Face has UV coordinates but no brick texture was set in the material name, using SIDE by default.
    [WARNING:IOBLBW009] Face has UV coordinates but no brick texture was set in the material name, using SIDE by default.
    [WARNING:IOBLBW009] Face has UV coordinates but no brick texture was set in the material name, using SIDE by default.
    [WARNING:IOBLBW009] Face has UV coordinates but no brick texture was set in the material name, using SIDE by default.
    [WARNING:IOBLBW009] Face has UV coordinates but no brick texture was set in the material name, using SIDE by default.
    [WARNING:IOBLBW009] Face has UV coordinates but no brick texture was set in the material name, using SIDE by default.
    [WARNING:IOBLBW009] Face has UV coordinates but no brick texture was set in the material name, using SIDE by default.
    [WARNING:IOBLBW009] Face has UV coordinates but no brick texture was set in the material name, using SIDE by default.
    [WARNING:IOBLBW009] Face has UV coordinates but no brick texture was set in the material name, using SIDE by default.
    [WARNING:IOBLBW009] Face has UV coordinates but no brick texture was set in the material name, using SIDE by default.
    [WARNING:IOBLBW009] Face has UV coordinates but no brick texture was set in the material name, using SIDE by default.
    [WARNING:IOBLBW009] Face has UV coordinates but no brick texture was set in the material name, using SIDE by default.
    [WARNING:IOBLBW009] Face has UV coordinates but no brick texture was set in the material name, using SIDE by default.
    [WARNING:IOBLBW009] Face has UV coordinates but no brick texture was set in the material name, using SIDE by default.
    [WARNING:IOBLBW009] Face has UV coordinates but no brick texture was set in the material name, using SIDE by default.
  Brick quads: 49
Writing to file.
  Output file: C:\Users\Samuel\Downloads\BL\Add-Ons\Server_Farming\scripts\core\resources\basementLot.blb
